  bitflag.c
D:\GitHub\C_Graphics\inc\object.h(45,5): error C2143: syntax error: missing ';' before '{'
  (compiling source file '../src/bitflag.c')
  
D:\GitHub\C_Graphics\inc\object.h(45,5): error C2059: syntax error: '{'
  (compiling source file '../src/bitflag.c')
  
D:\GitHub\C_Graphics\inc\object.h(45,5): error C2143: syntax error: missing '{' before '*'
  (compiling source file '../src/bitflag.c')
  
D:\GitHub\C_Graphics\inc\object.h(47,1): error C2059: syntax error: '}'
  (compiling source file '../src/bitflag.c')
  
D:\GitHub\C_Graphics\src\bitflag.c(12,32): warning C4028: formal parameter 1 different from declaration
D:\GitHub\C_Graphics\src\bitflag.c(17,34): warning C4028: formal parameter 1 different from declaration
  camera.c
D:\GitHub\C_Graphics\inc\gl_utilities.h(12,26): warning C4091: 'typedef ': ignored on left of 'GLFWwindow' when no variable is declared
  (compiling source file '../src/camera.c')
  
D:\GitHub\C_Graphics\inc\gl_utilities.h(13,25): warning C4091: 'typedef ': ignored on left of 'FixedList' when no variable is declared
  (compiling source file '../src/camera.c')
  
D:\GitHub\C_Graphics\inc\gl_utilities.h(47,5): error C2061: syntax error: identifier 'FixedList'
  (compiling source file '../src/camera.c')
  
D:\GitHub\C_Graphics\inc\gl_utilities.h(48,1): error C2059: syntax error: '}'
  (compiling source file '../src/camera.c')
  
D:\GitHub\C_Graphics\inc\object.h(45,5): error C2143: syntax error: missing ';' before '{'
  (compiling source file '../src/camera.c')
  
D:\GitHub\C_Graphics\inc\object.h(45,5): error C2059: syntax error: '{'
  (compiling source file '../src/camera.c')
  
D:\GitHub\C_Graphics\inc\object.h(45,5): error C2143: syntax error: missing '{' before '*'
  (compiling source file '../src/camera.c')
  
D:\GitHub\C_Graphics\inc\object.h(47,1): error C2059: syntax error: '}'
  (compiling source file '../src/camera.c')
  
D:\GitHub\C_Graphics\inc\camera.h(8,5): error C2143: syntax error: missing ';' before '{'
  (compiling source file '../src/camera.c')
  
D:\GitHub\C_Graphics\inc\camera.h(8,5): error C2059: syntax error: '{'
  (compiling source file '../src/camera.c')
  
D:\GitHub\C_Graphics\inc\camera.h(8,5): error C2011: 'Data': 'union' type redefinition
  (compiling source file '../src/camera.c')
      D:\GitHub\C_Graphics\inc\object.h(45,5):
      see declaration of 'Data'
  
D:\GitHub\C_Graphics\inc\camera.h(8,5): error C2143: syntax error: missing '{' before '*'
  (compiling source file '../src/camera.c')
  
D:\GitHub\C_Graphics\inc\camera.h(18,1): error C2059: syntax error: '}'
  (compiling source file '../src/camera.c')
  
D:\GitHub\C_Graphics\inc\camera.h(20,33): error C2143: syntax error: missing ')' before '*'
  (compiling source file '../src/camera.c')
  
D:\GitHub\C_Graphics\inc\camera.h(20,33): error C2143: syntax error: missing '{' before '*'
  (compiling source file '../src/camera.c')
  
D:\GitHub\C_Graphics\inc\camera.h(20,56): error C2059: syntax error: 'type'
  (compiling source file '../src/camera.c')
  
D:\GitHub\C_Graphics\inc\camera.h(20,65): error C2059: syntax error: ')'
  (compiling source file '../src/camera.c')
  
D:\GitHub\C_Graphics\inc\camera.h(22,7): error C2143: syntax error: missing '{' before '*'
  (compiling source file '../src/camera.c')
  
D:\GitHub\C_Graphics\src\camera.c(10,31): error C2143: syntax error: missing ')' before '*'
D:\GitHub\C_Graphics\src\camera.c(10,31): error C2143: syntax error: missing '{' before '*'
D:\GitHub\C_Graphics\src\camera.c(10,54): error C2059: syntax error: 'type'
D:\GitHub\C_Graphics\src\camera.c(10,83): error C2059: syntax error: ')'
D:\GitHub\C_Graphics\src\camera.c(46,7): error C2143: syntax error: missing '{' before '*'
D:\GitHub\C_Graphics\src\camera.c(48,11): error C2065: 'Camera': undeclared identifier
D:\GitHub\C_Graphics\src\camera.c(48,11): error C2297: '*': not valid as right operand has type 'int *'
D:\GitHub\C_Graphics\src\camera.c(48,29): error C2065: 'Camera': undeclared identifier
D:\GitHub\C_Graphics\src\camera.c(48,30): error C2059: syntax error: ')'
D:\GitHub\C_Graphics\src\camera.c(50,5): warning C4013: 'internal_Object_initialize' undefined; assuming extern returning int
D:\GitHub\C_Graphics\src\camera.c(52,13): error C2223: left of '->MoveSpeed' must point to struct/union
D:\GitHub\C_Graphics\src\camera.c(53,13): error C2223: left of '->Acceleration' must point to struct/union
D:\GitHub\C_Graphics\src\camera.c(54,13): error C2223: left of '->Fov' must point to struct/union
D:\GitHub\C_Graphics\src\camera.c(55,13): error C2223: left of '->NearClip' must point to struct/union
D:\GitHub\C_Graphics\src\camera.c(56,13): error C2223: left of '->FarClip' must point to struct/union
D:\GitHub\C_Graphics\src\camera.c(57,13): error C2223: left of '->Sensitivity' must point to struct/union
  gl_parse_shader.c
D:\GitHub\C_Graphics\inc\gl_parse_shader.h(19,1): warning C4005: 'GL_ERROR_LOG_SIZE': macro redefinition
  (compiling source file '../src/gl_parse_shader.c')
      D:\GitHub\C_Graphics\inc\gl_parse_shader.h(9,1):
      see previous definition of 'GL_ERROR_LOG_SIZE'
  
D:\GitHub\C_Graphics\src\gl_parse_shader.c(13,30): warning C4047: 'function': 'const char *' differs in levels of indirection from 'int'
D:\GitHub\C_Graphics\src\gl_parse_shader.c(13,30): warning C4024: 'fopen': different types for formal and actual parameter 2
D:\GitHub\C_Graphics\src\gl_parse_shader.c(22,27): warning C4013: 'malloc' undefined; assuming extern returning int
D:\GitHub\C_Graphics\src\gl_parse_shader.c(22,55): error C2065: 'GL_SHADER_SOURCE_SIZE': undeclared identifier
D:\GitHub\C_Graphics\src\gl_parse_shader.c(22,56): warning C4312: 'type cast': conversion from 'int' to 'char *' of greater size
D:\GitHub\C_Graphics\src\gl_parse_shader.c(23,40): error C2065: 'GL_SHADER_SOURCE_SIZE': undeclared identifier
D:\GitHub\C_Graphics\src\gl_parse_shader.c(31,9): warning C4013: 'free' undefined; assuming extern returning int
D:\GitHub\C_Graphics\src\gl_parse_shader.c(39,121): error C2065: 'GL_SHADER_SORUCE_SIZE': undeclared identifier
D:\GitHub\C_Graphics\src\gl_parse_shader.c(46,24): warning C4013: 'maloc' undefined; assuming extern returning int
D:\GitHub\C_Graphics\src\gl_parse_shader.c(46,41): warning C4312: 'type cast': conversion from 'int' to 'char *' of greater size
D:\GitHub\C_Graphics\src\gl_parse_shader.c(80,26): error C2065: 'shaderDescriptor': undeclared identifier
D:\GitHub\C_Graphics\src\gl_parse_shader.c(80,31): error C2065: 'it': undeclared identifier
D:\GitHub\C_Graphics\src\gl_parse_shader.c(80,50): error C2065: 'shaderDescriptor': undeclared identifier
D:\GitHub\C_Graphics\src\gl_parse_shader.c(80,51): error C2059: syntax error: ')'
D:\GitHub\C_Graphics\src\gl_parse_shader.c(80,60): error C2065: 'it': undeclared identifier
D:\GitHub\C_Graphics\src\gl_parse_shader.c(80,66): error C2059: syntax error: 'type'
D:\GitHub\C_Graphics\src\gl_parse_shader.c(80,83): error C2143: syntax error: missing ';' before ')'
D:\GitHub\C_Graphics\src\gl_parse_shader.c(82,37): error C2223: left of '->shader' must point to struct/union
D:\GitHub\C_Graphics\src\gl_parse_shader.c(82,9): error C2198: 'glad_glAttachShader': too few arguments for call
D:\GitHub\C_Graphics\src\gl_parse_shader.c(85,5): error C2365: 'glad_glLinkProgram': redefinition; previous definition was 'data variable'
      D:\GitHub\C_Graphics\inc\glad\glad.h(1949,28):
      see declaration of 'glad_glLinkProgram'
  
D:\GitHub\C_Graphics\src\gl_parse_shader.c(92,32): error C2054: expected '(' to follow 'log'
D:\GitHub\C_Graphics\src\gl_parse_shader.c(93,29): error C2059: syntax error: 'constant'
D:\GitHub\C_Graphics\src\gl_parse_shader.c(93,45): error C2059: syntax error: '&'
D:\GitHub\C_Graphics\src\gl_parse_shader.c(93,46): error C2146: syntax error: missing ')' before identifier 'success'
D:\GitHub\C_Graphics\src\gl_parse_shader.c(93,46): error C2061: syntax error: identifier 'success'
D:\GitHub\C_Graphics\src\gl_parse_shader.c(93,46): error C2059: syntax error: ';'
D:\GitHub\C_Graphics\src\gl_parse_shader.c(93,53): error C2059: syntax error: ')'
D:\GitHub\C_Graphics\src\gl_parse_shader.c(96,5): error C2059: syntax error: 'if'
D:\GitHub\C_Graphics\src\gl_parse_shader.c(104,34): error C2059: syntax error: 'constant'
D:\GitHub\C_Graphics\src\gl_parse_shader.c(104,53): error C2059: syntax error: '&'
D:\GitHub\C_Graphics\src\gl_parse_shader.c(104,54): error C2146: syntax error: missing ')' before identifier 'dummyLength'
D:\GitHub\C_Graphics\src\gl_parse_shader.c(104,54): error C2061: syntax error: identifier 'dummyLength'
D:\GitHub\C_Graphics\src\gl_parse_shader.c(104,54): error C2059: syntax error: ';'
D:\GitHub\C_Graphics\src\gl_parse_shader.c(104,65): error C2059: syntax error: ','
D:\GitHub\C_Graphics\src\gl_parse_shader.c(104,70): error C2059: syntax error: ')'
D:\GitHub\C_Graphics\src\gl_parse_shader.c(108,1): error C2143: syntax error: missing ')' before 'string'
D:\GitHub\C_Graphics\src\gl_parse_shader.c(108,1): error C2143: syntax error: missing '{' before 'string'
D:\GitHub\C_Graphics\src\gl_parse_shader.c(108,1): error C2059: syntax error: 'string'
D:\GitHub\C_Graphics\src\gl_parse_shader.c(109,20): error C2059: syntax error: ')'
D:\GitHub\C_Graphics\src\gl_parse_shader.c(112,5): error C2059: syntax error: 'for'
D:\GitHub\C_Graphics\src\gl_parse_shader.c(112,60): error C2143: syntax error: missing '{' before '->'
D:\GitHub\C_Graphics\src\gl_parse_shader.c(112,60): error C2059: syntax error: '->'
D:\GitHub\C_Graphics\src\gl_parse_shader.c(112,81): error C2143: syntax error: missing '{' before '++'
D:\GitHub\C_Graphics\src\gl_parse_shader.c(112,81): error C2059: syntax error: '++'
D:\GitHub\C_Graphics\src\gl_parse_shader.c(112,83): error C2059: syntax error: ')'
D:\GitHub\C_Graphics\src\gl_parse_shader.c(136,12): error C2143: syntax error: missing ')' before 'string'
D:\GitHub\C_Graphics\src\gl_parse_shader.c(136,12): error C2143: syntax error: missing '{' before 'string'
D:\GitHub\C_Graphics\src\gl_parse_shader.c(136,12): error C2059: syntax error: 'string'
D:\GitHub\C_Graphics\src\gl_parse_shader.c(136,78): error C2059: syntax error: ')'
D:\GitHub\C_Graphics\src\gl_parse_shader.c(137,5): error C2059: syntax error: 'return'
D:\GitHub\C_Graphics\src\gl_parse_shader.c(138,1): error C2059: syntax error: '}'
  gl_types.c
D:\GitHub\C_Graphics\src\gl_types.c(16,14): error C2373: 'size_from_gl_type': redefinition; different type modifiers
      D:\GitHub\C_Graphics\inc\gl_types.h(13,8):
      see declaration of 'size_from_gl_type'
  
D:\GitHub\C_Graphics\src\gl_types.c(213,5): warning C4013: 'memcpy' undefined; assuming extern returning int
  gl_utilities.c
D:\GitHub\C_Graphics\inc\gl_utilities.h(12,26): warning C4091: 'typedef ': ignored on left of 'GLFWwindow' when no variable is declared
  (compiling source file '../src/gl_utilities.c')
  
D:\GitHub\C_Graphics\inc\gl_utilities.h(13,25): warning C4091: 'typedef ': ignored on left of 'FixedList' when no variable is declared
  (compiling source file '../src/gl_utilities.c')
  
D:\GitHub\C_Graphics\src\gl_utilities.c(87,50): warning C4013: 'calloc' undefined; assuming extern returning int
D:\GitHub\C_Graphics\src\gl_utilities.c(87,88): warning C4312: 'type cast': conversion from 'int' to 'InstanceInformation *' of greater size
D:\GitHub\C_Graphics\src\gl_utilities.c(90,97): warning C4312: 'type cast': conversion from 'int' to 'unsigned int *' of greater size
D:\GitHub\C_Graphics\src\gl_utilities.c(91,97): warning C4312: 'type cast': conversion from 'int' to 'unsigned int *' of greater size
D:\GitHub\C_Graphics\src\gl_utilities.c(110,9): warning C4013: 'internal_FixedList_getprev_ptr' undefined; assuming extern returning int
D:\GitHub\C_Graphics\src\gl_utilities.c(207,5): warning C4013: 'printf' undefined; assuming extern returning int
  material.c
  C:\Program Files\Microsoft Visual Studio\2022\Community\VC\Tools\MSVC\14.38.33130\include\yvals_core.h(27): STL1003: Unexpected compiler, expected C++ compiler.
C:\Program Files\Microsoft Visual Studio\2022\Community\VC\Tools\MSVC\14.38.33130\include\yvals_core.h(28,1): error C1189: #error:  Error in C++ Standard Library usage
  (compiling source file '../src/material.c')
  
  object.c
D:\GitHub\C_Graphics\inc\object.h(45,5): error C2143: syntax error: missing ';' before '{'
  (compiling source file '../src/object.c')
  
D:\GitHub\C_Graphics\inc\object.h(45,5): error C2059: syntax error: '{'
  (compiling source file '../src/object.c')
  
D:\GitHub\C_Graphics\inc\object.h(45,5): error C2143: syntax error: missing '{' before '*'
  (compiling source file '../src/object.c')
  
D:\GitHub\C_Graphics\inc\object.h(47,1): error C2059: syntax error: '}'
  (compiling source file '../src/object.c')
  
D:\GitHub\C_Graphics\src\object.c(18,11): error C2065: 'Object': undeclared identifier
D:\GitHub\C_Graphics\src\object.c(18,20): error C2065: 'object': undeclared identifier
D:\GitHub\C_Graphics\src\object.c(18,29): error C2065: 'Object': undeclared identifier
D:\GitHub\C_Graphics\src\object.c(18,30): error C2059: syntax error: ')'
D:\GitHub\C_Graphics\src\object.c(20,27): error C2065: 'object': undeclared identifier
D:\GitHub\C_Graphics\src\object.c(20,21): warning C4022: 'Object_SetAlias': pointer mismatch for actual parameter 1
D:\GitHub\C_Graphics\src\object.c(21,18): error C2065: 'object': undeclared identifier
D:\GitHub\C_Graphics\src\object.c(21,20): error C2223: left of '->Transform' must point to struct/union
D:\GitHub\C_Graphics\src\object.c(21,44): warning C4090: 'function': different 'const' qualifiers
D:\GitHub\C_Graphics\src\object.c(21,46): warning C4022: 'memcpy': pointer mismatch for actual parameter 2
D:\GitHub\C_Graphics\src\object.c(21,5): error C2198: 'memcpy': too few arguments for call
D:\GitHub\C_Graphics\src\object.c(23,11): error C2065: 'object': undeclared identifier
D:\GitHub\C_Graphics\src\object.c(23,13): error C2223: left of '->Flags' must point to struct/union
D:\GitHub\C_Graphics\src\object.c(24,11): error C2065: 'object': undeclared identifier
D:\GitHub\C_Graphics\src\object.c(24,13): error C2223: left of '->Type' must point to struct/union
D:\GitHub\C_Graphics\src\object.c(26,11): error C2065: 'object': undeclared identifier
D:\GitHub\C_Graphics\src\object.c(26,13): error C2223: left of '->Parent' must point to struct/union
D:\GitHub\C_Graphics\src\object.c(26,29): error C2065: 'Object': undeclared identifier
D:\GitHub\C_Graphics\src\object.c(26,30): error C2059: syntax error: ')'
D:\GitHub\C_Graphics\src\object.c(27,11): error C2065: 'object': undeclared identifier
D:\GitHub\C_Graphics\src\object.c(27,13): error C2223: left of '->Children' must point to struct/union
D:\GitHub\C_Graphics\src\object.c(27,24): error C2065: 'Object': undeclared identifier
D:\GitHub\C_Graphics\src\object.c(27,24): error C2059: syntax error: ')'
D:\GitHub\C_Graphics\src\object.c(28,11): error C2065: 'object': undeclared identifier
D:\GitHub\C_Graphics\src\object.c(28,13): error C2223: left of '->Destroy' must point to struct/union
D:\GitHub\C_Graphics\src\object.c(38,11): error C2065: 'Object': undeclared identifier
D:\GitHub\C_Graphics\src\object.c(38,20): error C2065: 'object': undeclared identifier
D:\GitHub\C_Graphics\src\object.c(38,29): error C2065: 'Object': undeclared identifier
D:\GitHub\C_Graphics\src\object.c(38,30): error C2059: syntax error: ')'
D:\GitHub\C_Graphics\src\object.c(41,50): error C2065: 'object': undeclared identifier
D:\GitHub\C_Graphics\src\object.c(41,52): error C2223: left of '->Children' must point to struct/union
D:\GitHub\C_Graphics\src\object.c(41,29): error C2198: 'FixedList_size': too few arguments for call
D:\GitHub\C_Graphics\src\object.c(42,15): error C2065: 'Object': undeclared identifier
D:\GitHub\C_Graphics\src\object.c(42,29): error C2065: 'childObject': undeclared identifier
D:\GitHub\C_Graphics\src\object.c(42,38): error C2065: 'Object': undeclared identifier
D:\GitHub\C_Graphics\src\object.c(42,39): error C2059: syntax error: ')'
D:\GitHub\C_Graphics\src\object.c(43,20): error C2065: 'childObject': undeclared identifier
D:\GitHub\C_Graphics\src\object.c(43,22): error C2223: left of '->Destroy' must point to struct/union
D:\GitHub\C_Graphics\src\object.c(43,41): error C2065: 'childObject': undeclared identifier
D:\GitHub\C_Graphics\src\object.c(52,11): error C2065: 'Object': undeclared identifier
D:\GitHub\C_Graphics\src\object.c(52,20): error C2065: 'object': undeclared identifier
D:\GitHub\C_Graphics\src\object.c(52,29): error C2065: 'Object': undeclared identifier
D:\GitHub\C_Graphics\src\object.c(52,30): error C2059: syntax error: ')'
D:\GitHub\C_Graphics\src\object.c(54,5): warning C4013: 'free' undefined; assuming extern returning int
D:\GitHub\C_Graphics\src\object.c(84,20): error C2065: 'Object': undeclared identifier
D:\GitHub\C_Graphics\src\object.c(84,20): error C2059: syntax error: ')'
D:\GitHub\C_Graphics\src\object.c(88,24): error C2065: 'Object': undeclared identifier
D:\GitHub\C_Graphics\src\object.c(88,24): error C2059: syntax error: ')'
D:\GitHub\C_Graphics\src\object.c(91,26): warning C4098: 'Object_GetGlobalTransform': 'void' function returning a value
D:\GitHub\C_Graphics\src\object.c(94,9): warning C4013: 'mat4mul' undefined; assuming extern returning int
D:\GitHub\C_Graphics\src\object.c(94,25): error C2065: 'Object': undeclared identifier
D:\GitHub\C_Graphics\src\object.c(94,25): error C2059: syntax error: ')'
D:\GitHub\C_Graphics\src\object.c(98,5): warning C4013: 'mat4copy' undefined; assuming extern returning int
  renderable.c
  C:\Program Files\Microsoft Visual Studio\2022\Community\VC\Tools\MSVC\14.38.33130\include\yvals_core.h(27): STL1003: Unexpected compiler, expected C++ compiler.
C:\Program Files\Microsoft Visual Studio\2022\Community\VC\Tools\MSVC\14.38.33130\include\yvals_core.h(28,1): error C1189: #error:  Error in C++ Standard Library usage
  (compiling source file '../src/renderable.c')
  
  stb_image.c
  texture.c
  Generating Code...
